d:\documents\visual studio 2015\projects\advancedcpp\gameoflife\debug\vc140.pdb
d:\documents\visual studio 2015\projects\advancedcpp\gameoflife\debug\rle.obj
d:\documents\visual studio 2015\projects\advancedcpp\gameoflife\debug\mainwindow.obj
d:\documents\visual studio 2015\projects\advancedcpp\gameoflife\debug\cell.obj
d:\documents\visual studio 2015\projects\advancedcpp\gameoflife\debug\board.obj
d:\documents\visual studio 2015\projects\advancedcpp\gameoflife\debug\.netframework,version=v4.5.2.assemblyattributes.obj
d:\documents\visual studio 2015\projects\advancedcpp\gameoflife\debug\.netframework,version=v4.5.2.assemblyattributes.asm
d:\documents\visual studio 2015\projects\advancedcpp\gameoflife\debug\gameoflife.mainwindow.resources
d:\documents\visual studio 2015\projects\advancedcpp\gameoflife\debug\gameoflife.exe
d:\documents\visual studio 2015\projects\advancedcpp\gameoflife\debug\gameoflife.pdb
d:\documents\visual studio 2015\projects\advancedcpp\gameoflife\debug\gameoflife.vcxproj.generateresource.cache
d:\documents\visual studio 2015\projects\advancedcpp\gameoflife\debug\gameoflife.vcxprojresolveassemblyreference.cache
d:\documents\visual studio 2015\projects\advancedcpp\gameoflife\debug\gameoflife.exe.metagen
d:\documents\visual studio 2015\projects\advancedcpp\gameoflife\debug\gameoflife.tlog\cl.command.1.tlog
d:\documents\visual studio 2015\projects\advancedcpp\gameoflife\debug\gameoflife.tlog\cl.read.1.tlog
d:\documents\visual studio 2015\projects\advancedcpp\gameoflife\debug\gameoflife.tlog\cl.write.1.tlog
d:\documents\visual studio 2015\projects\advancedcpp\gameoflife\debug\gameoflife.tlog\gameoflife.write.1u.tlog
d:\documents\visual studio 2015\projects\advancedcpp\gameoflife\debug\gameoflife.tlog\link.command.1.tlog
d:\documents\visual studio 2015\projects\advancedcpp\gameoflife\debug\gameoflife.tlog\link.read.1.tlog
d:\documents\visual studio 2015\projects\advancedcpp\gameoflife\debug\gameoflife.tlog\link.write.1.tlog
d:\documents\visual studio 2015\projects\advancedcpp\gameoflife\debug\gameoflife.tlog\metagen.read.1.tlog
d:\documents\visual studio 2015\projects\advancedcpp\gameoflife\debug\gameoflife.tlog\metagen.write.1.tlog
d:\documents\visual studio 2015\projects\advancedcpp\gameoflife\debug\gameoflife.tlog\tzres.dll.bi
